warning: Git tree '/home/tuxy/nixos' is dirty
building the system configuration...
warning: Git tree '/home/tuxy/nixos' is dirty
<<<<<<< Updated upstream
these 16 derivations will be built:
  /nix/store/nx4pq8arsfn29h99wbkxwrdp0nzws52w-config.fish.drv
  /nix/store/qgv6m2gk5lpxznwrhksyxy836p02xbg1-aria2-1.37.0-fish-completions.drv
  /nix/store/w3fs36cd0cck2z1cqpv39d2p697f9ncq-tuxy-fish-completions.drv
  /nix/store/mi5sgi9rr1xx5s7s9jcf1ihlvvhsi1gr-dummy-xdg-mime-dirs1.drv
  /nix/store/pshclf9c1045jsfw4zvig9pls86xga9p-dummy-xdg-mime-dirs2.drv
  /nix/store/w2624w11kkg6yn29s78jk1mfnmh5vf5c-man-paths.drv
  /nix/store/hpd5ifyxyb3hp7sldywlwlqwillb6iiq-man-cache.drv
  /nix/store/zcqy00kgrv9szmqijns32fd0whrdpbfn-hm_.manpath.drv
  /nix/store/4r4497gm0fj4grvinabnkpm8gb7i0ma3-home-manager-files.drv
  /nix/store/xx1pvh2v93zccglp8h3adqxz3hixmisg-home-manager-path.drv
  /nix/store/ckyyi63c2x333fzhwz336kvh8kv3kvcy-activation-script.drv
  /nix/store/gncrvxmc3kj4c62w51zflnhd4sxffz86-home-manager-generation.drv
  /nix/store/3zrmi8lsrv6xmxwrsgd48vivxycrmlny-unit-home-manager-tuxy.service.drv
  /nix/store/vx82b9ki4jrfybk87bvnfmlvy9ahhy3v-system-units.drv
  /nix/store/zaz1majk4269c24kbnzw2dvw6x9m08ly-etc.drv
  /nix/store/rkhbpvb0qs5fmd3x67b6mlycqv64izwi-nixos-system-deskputer-25.11.20250902.d0fc308.drv
this path will be fetched (0.13 MiB download, 0.13 MiB unpacked):
  /nix/store/nkkyr5gizxqv8hv24vdxhcqvv75pv6cg-aria2-1.37.0-man
copying path '/nix/store/nkkyr5gizxqv8hv24vdxhcqvv75pv6cg-aria2-1.37.0-man' from 'https://cache.nixos.org'...
building '/nix/store/mi5sgi9rr1xx5s7s9jcf1ihlvvhsi1gr-dummy-xdg-mime-dirs1.drv'...
building '/nix/store/pshclf9c1045jsfw4zvig9pls86xga9p-dummy-xdg-mime-dirs2.drv'...
building '/nix/store/nx4pq8arsfn29h99wbkxwrdp0nzws52w-config.fish.drv'...
building '/nix/store/qgv6m2gk5lpxznwrhksyxy836p02xbg1-aria2-1.37.0-fish-completions.drv'...
building '/nix/store/xx1pvh2v93zccglp8h3adqxz3hixmisg-home-manager-path.drv'...
building '/nix/store/w2624w11kkg6yn29s78jk1mfnmh5vf5c-man-paths.drv'...
building '/nix/store/w3fs36cd0cck2z1cqpv39d2p697f9ncq-tuxy-fish-completions.drv'...
building '/nix/store/ckyyi63c2x333fzhwz336kvh8kv3kvcy-activation-script.drv'...
building '/nix/store/hpd5ifyxyb3hp7sldywlwlqwillb6iiq-man-cache.drv'...
building '/nix/store/zcqy00kgrv9szmqijns32fd0whrdpbfn-hm_.manpath.drv'...
building '/nix/store/4r4497gm0fj4grvinabnkpm8gb7i0ma3-home-manager-files.drv'...
building '/nix/store/gncrvxmc3kj4c62w51zflnhd4sxffz86-home-manager-generation.drv'...
building '/nix/store/3zrmi8lsrv6xmxwrsgd48vivxycrmlny-unit-home-manager-tuxy.service.drv'...
building '/nix/store/vx82b9ki4jrfybk87bvnfmlvy9ahhy3v-system-units.drv'...
building '/nix/store/zaz1majk4269c24kbnzw2dvw6x9m08ly-etc.drv'...
building '/nix/store/rkhbpvb0qs5fmd3x67b6mlycqv64izwi-nixos-system-deskputer-25.11.20250902.d0fc308.drv'...
activating the configuration...
setting up /etc...
reloading user units for tuxy...
restarting sysinit-reactivation.target
the following new units were started: NetworkManager-dispatcher.service, sysinit-reactivation.target, systemd-tmpfiles-resetup.service
Done. The new configuration is /nix/store/2zyhjbzvg4y11h4c5y57h1b9jz89i9h1-nixos-system-deskputer-25.11.20250902.d0fc308
=======
these 28 derivations will be built:
  /nix/store/2bm4qpjd4kw6qb9vp4sllscrbwv35lfq-steam-fhsenv-profile.drv
  /nix/store/p8rjnr9g7s3vc4f82jig0dywchqx0fdk-steam-run-fhsenv-profile.drv
  /nix/store/9ybpqw0klsdwbcili8bny44d6qv8khn3-steam_1.0.0.83.tar.gz.drv
  /nix/store/qcja7sjkgl9yhy7b0da6yrcnbskh9fy8-steam-unwrapped-1.0.0.83.drv
  /nix/store/bdia7k8dmlvlmnl5v4w1gqk885mach8d-steam-run-fhsenv-rootfs.drv
  /nix/store/m4sx4zawg4pfwaw7jwfapwha502afxnl-steam-run.drv
  /nix/store/mwr1piswjllz9xikddzmyvcrn2ddr780-steam-run-init.drv
  /nix/store/fzqmy1mfw8593zmfr3da80cv99sf3psm-steam-run-bwrap.drv
  /nix/store/2vk9a4qc60j0l2wmsg5xjsb75gvgm1kx-steam-run.drv
  /nix/store/f4ck75f9ki7gwq3dgb1766vp5wqikycm-steam-fhsenv-rootfs.drv
  /nix/store/iwk9gpmlxivg31g9amk7ak2ha30clvbg-steam-wrapped.drv
  /nix/store/njsilygmz9saxivjxi4x4b5lnz8v4fzl-steam-init.drv
  /nix/store/9jfybik6wrlf6x8qjvy2qxm6g5gig2gd-steam-bwrap.drv
  /nix/store/j3nav8f9a6vgi2w3pbb86ln6g44h0y5k-steam.drv
  /nix/store/x7i633a74p4af82r44y805047gz0zgzs-system-path.drv
  /nix/store/vbs528zkcp6dd2iq0zycssj2hdn98ppz-dbus-1.drv
  /nix/store/s5j0v4ic89b45zr9013gdb8s0vg9pfxp-X-Restart-Triggers-dbus.drv
  /nix/store/a2f5c5h72lvdsabnacr5m9bhaak1fw1l-unit-dbus.service.drv
  /nix/store/7iydpjgvprs1gzrjax1lpmwf8d8blbmy-user-units.drv
  /nix/store/mf7wv01wjnb21qkam0x4cr7c0i7rmbwb-graphics-drivers-32bit.drv
  /nix/store/7in9ksh0wa5aggc719qvpbcyac9cj8q9-graphics-driver.conf.drv
  /nix/store/pygbay6m3h5cgr10fsqswll7bbzpk0n7-tmpfiles.d.drv
  /nix/store/x9x5s79nrz4vmddn3wpwhpbvq993z4wx-X-Restart-Triggers-systemd-tmpfiles-resetup.drv
  /nix/store/6g1rmv5x7s6fqjqpwcny2zv165lsj42y-unit-systemd-tmpfiles-resetup.service.drv
  /nix/store/min1fdzf38xn564i64in89ysvyvmmbyj-unit-dbus.service.drv
  /nix/store/nr87m2j5p9zmy4nzx954i2j3qsyv9zma-system-units.drv
  /nix/store/nbghbl9jlx2cs0v4873v9haq2fvckfbj-etc.drv
  /nix/store/60ajxlvqb9wvbdyrhb4ms5mxycv6ga9a-nixos-system-windowsputer-25.11.20250719.c87b95e.drv
these 36 paths will be fetched (137.35 MiB download, 716.45 MiB unpacked):
  /nix/store/c7g4d6ihqp47yfqfaipwqxg26xrd0d8l-dhcpcd-10.2.4
  /nix/store/1933vgwbmghbklhcckp4vqyrysvqfqf4-dnsmasq-2.91
  /nix/store/acjv21c2x09c1rl43mxsfgrja35563jm-duktape-2.7.0
  /nix/store/5c4cfxc71akdg3a54srd73dvajh5gbvc-ethtool-6.14
  /nix/store/8y2dl0ambhl2kpjjwp3a6d0mjadfbv3q-fhs-rootfs-bulder
  /nix/store/c53zakbf1dqm1zvqanzsxpil0nyi461c-file-5.45-man
  /nix/store/58mc7izf5ps9cjdv3z7n4hsxm4jj7j7n-iputils-20250605
  /nix/store/qpqjcqkv64icc347l3zkgc63mp1fvgzf-libcap-2.76
  /nix/store/mclibpibzx6vxqa1b61r3ggxv1rxi7q0-libcap-2.76-man
  /nix/store/17yyrzxj6q6bvyqnp2hwap8azmhdsx4d-libedit-20250104-3.1
  /nix/store/d53y5mjncms0rw4ycqhvv45ca9m5jmih-libidn-1.43
  /nix/store/m64j76viiz1xf9a3nkkkcbbprf462bkb-libmbim-1.30.0
  /nix/store/mjd5l4m9hl21ybsfk7nl171fxvdy3c2g-libndp-1.9
  /nix/store/awkkm2w7gwrfwxkjas716kxksp3j24p9-libqmi-1.36.0
  /nix/store/klj1zpz2fzbgxshj4bl26ypqsl0lx451-libqrtr-glib-1.2.2
  /nix/store/lwgd3rwrkjwmmg9anzb76cjmbn81jd5g-libudev0-shim-1
  /nix/store/frdj3p5apha1pfwv7bsl2saq6msxvpka-libxcrypt-4.4.38-man
  /nix/store/qqga5c1y6zz7ljwwk6nch9hz4sdz11dd-libxcrypt-4.4.38-man
  /nix/store/1px2h65f250bgymyi4bws0d6ld2ss240-libxshmfence-1.3.3
  /nix/store/y9d6qcdlc2l2pjqpvsm7iymd1mv7yivb-llvm-19.1.7-lib
  /nix/store/a19ikgjrn52nv2qcf2y8sx4v1lfi0day-lm-sensors-3.6.2
  /nix/store/pylaj72mnsjd0zh2j88qvll02h6zhkcr-mesa-25.1.6
  /nix/store/zhyjrzp188p9dq048v8cpqa3l90qd9l3-mobile-broadband-provider-info-20240407
  /nix/store/psmj1am98njkx6yvq1d007qz824i578g-modemmanager-1.22.0
  /nix/store/agd2wydwhq178nbirqa138ab9k6737m8-networkmanager-1.52.1
  /nix/store/1ybd1lp9xrcvnl6m0rzs7kphpp8a0p6d-networkmanager-1.52.1-man
  /nix/store/cj3hyxbbsrcvm5ldm8ipzbi3k950wsw2-networkmanager-1.52.1-man
  /nix/store/bvr3k8p784y1y5gqbrl782mbnp7w1544-newt-0.52.24
  /nix/store/ryh99lv0dwi66mpp3yjvk6lxpvbfym97-nftables-1.1.3
  /nix/store/0crn88vzak2lpzm486gl925ja8hm0p4k-openresolv-3.16.5
  /nix/store/3bjy6ry7xnz0aggg30fxsiccabn951ab-polkit-126
  /nix/store/bxbfjjzpf6fwv469lqhpx73cq81j2nsl-ppp-2.5.2
  /nix/store/0j86ww48lzsf1dwmr3mi0p14rc21z42w-sbin-ldconfig
  /nix/store/nmd1cckxgi4b25wi0ga896nqzs4vi8f8-slang-2.3.3
  /nix/store/rwz8pfrhfz7cnj785nzk9s738ak8jnlm-xcb-util-keysyms-0.4.1
  /nix/store/m34fd973yjdywcl3pmzd0bwz0azid3l3-xorg-locale
copying path '/nix/store/c53zakbf1dqm1zvqanzsxpil0nyi461c-file-5.45-man' from 'https://cache.nixos.org'...
copying path '/nix/store/mclibpibzx6vxqa1b61r3ggxv1rxi7q0-libcap-2.76-man' from 'https://cache.nixos.org'...
copying path '/nix/store/frdj3p5apha1pfwv7bsl2saq6msxvpka-libxcrypt-4.4.38-man' from 'https://cache.nixos.org'...
copying path '/nix/store/qqga5c1y6zz7ljwwk6nch9hz4sdz11dd-libxcrypt-4.4.38-man' from 'https://cache.nixos.org'...
copying path '/nix/store/1ybd1lp9xrcvnl6m0rzs7kphpp8a0p6d-networkmanager-1.52.1-man' from 'https://cache.nixos.org'...
copying path '/nix/store/cj3hyxbbsrcvm5ldm8ipzbi3k950wsw2-networkmanager-1.52.1-man' from 'https://cache.nixos.org'...
copying path '/nix/store/0j86ww48lzsf1dwmr3mi0p14rc21z42w-sbin-ldconfig' from 'https://cache.nixos.org'...
building '/nix/store/m4sx4zawg4pfwaw7jwfapwha502afxnl-steam-run.drv'...
building '/nix/store/iwk9gpmlxivg31g9amk7ak2ha30clvbg-steam-wrapped.drv'...
copying path '/nix/store/1px2h65f250bgymyi4bws0d6ld2ss240-libxshmfence-1.3.3' from 'https://cache.nixos.org'...
copying path '/nix/store/y9d6qcdlc2l2pjqpvsm7iymd1mv7yivb-llvm-19.1.7-lib' from 'https://cache.nixos.org'...
copying path '/nix/store/a19ikgjrn52nv2qcf2y8sx4v1lfi0day-lm-sensors-3.6.2' from 'https://cache.nixos.org'...
copying path '/nix/store/zhyjrzp188p9dq048v8cpqa3l90qd9l3-mobile-broadband-provider-info-20240407' from 'https://cache.nixos.org'...
copying path '/nix/store/rwz8pfrhfz7cnj785nzk9s738ak8jnlm-xcb-util-keysyms-0.4.1' from 'https://cache.nixos.org'...
copying path '/nix/store/8y2dl0ambhl2kpjjwp3a6d0mjadfbv3q-fhs-rootfs-bulder' from 'https://cache.nixos.org'...
copying path '/nix/store/qpqjcqkv64icc347l3zkgc63mp1fvgzf-libcap-2.76' from 'https://cache.nixos.org'...
copying path '/nix/store/lwgd3rwrkjwmmg9anzb76cjmbn81jd5g-libudev0-shim-1' from 'https://cache.nixos.org'...
copying path '/nix/store/m34fd973yjdywcl3pmzd0bwz0azid3l3-xorg-locale' from 'https://cache.nixos.org'...
building '/nix/store/2bm4qpjd4kw6qb9vp4sllscrbwv35lfq-steam-fhsenv-profile.drv'...
building '/nix/store/p8rjnr9g7s3vc4f82jig0dywchqx0fdk-steam-run-fhsenv-profile.drv'...
building '/nix/store/9ybpqw0klsdwbcili8bny44d6qv8khn3-steam_1.0.0.83.tar.gz.drv'...
copying path '/nix/store/c7g4d6ihqp47yfqfaipwqxg26xrd0d8l-dhcpcd-10.2.4' from 'https://cache.nixos.org'...
copying path '/nix/store/acjv21c2x09c1rl43mxsfgrja35563jm-duktape-2.7.0' from 'https://cache.nixos.org'...
copying path '/nix/store/5c4cfxc71akdg3a54srd73dvajh5gbvc-ethtool-6.14' from 'https://cache.nixos.org'...
copying path '/nix/store/58mc7izf5ps9cjdv3z7n4hsxm4jj7j7n-iputils-20250605' from 'https://cache.nixos.org'...
copying path '/nix/store/17yyrzxj6q6bvyqnp2hwap8azmhdsx4d-libedit-20250104-3.1' from 'https://cache.nixos.org'...
copying path '/nix/store/mjd5l4m9hl21ybsfk7nl171fxvdy3c2g-libndp-1.9' from 'https://cache.nixos.org'...
copying path '/nix/store/d53y5mjncms0rw4ycqhvv45ca9m5jmih-libidn-1.43' from 'https://cache.nixos.org'...
copying path '/nix/store/klj1zpz2fzbgxshj4bl26ypqsl0lx451-libqrtr-glib-1.2.2' from 'https://cache.nixos.org'...
copying path '/nix/store/nmd1cckxgi4b25wi0ga896nqzs4vi8f8-slang-2.3.3' from 'https://cache.nixos.org'...
copying path '/nix/store/0crn88vzak2lpzm486gl925ja8hm0p4k-openresolv-3.16.5' from 'https://cache.nixos.org'...
copying path '/nix/store/bxbfjjzpf6fwv469lqhpx73cq81j2nsl-ppp-2.5.2' from 'https://cache.nixos.org'...
copying path '/nix/store/m64j76viiz1xf9a3nkkkcbbprf462bkb-libmbim-1.30.0' from 'https://cache.nixos.org'...
building '/nix/store/njsilygmz9saxivjxi4x4b5lnz8v4fzl-steam-init.drv'...
building '/nix/store/mwr1piswjllz9xikddzmyvcrn2ddr780-steam-run-init.drv'...
copying path '/nix/store/ryh99lv0dwi66mpp3yjvk6lxpvbfym97-nftables-1.1.3' from 'https://cache.nixos.org'...
copying path '/nix/store/awkkm2w7gwrfwxkjas716kxksp3j24p9-libqmi-1.36.0' from 'https://cache.nixos.org'...
copying path '/nix/store/3bjy6ry7xnz0aggg30fxsiccabn951ab-polkit-126' from 'https://cache.nixos.org'...
copying path '/nix/store/bvr3k8p784y1y5gqbrl782mbnp7w1544-newt-0.52.24' from 'https://cache.nixos.org'...
copying path '/nix/store/1933vgwbmghbklhcckp4vqyrysvqfqf4-dnsmasq-2.91' from 'https://cache.nixos.org'...
copying path '/nix/store/psmj1am98njkx6yvq1d007qz824i578g-modemmanager-1.22.0' from 'https://cache.nixos.org'...
copying path '/nix/store/agd2wydwhq178nbirqa138ab9k6737m8-networkmanager-1.52.1' from 'https://cache.nixos.org'...
copying path '/nix/store/pylaj72mnsjd0zh2j88qvll02h6zhkcr-mesa-25.1.6' from 'https://cache.nixos.org'...
building '/nix/store/mf7wv01wjnb21qkam0x4cr7c0i7rmbwb-graphics-drivers-32bit.drv'...
building '/nix/store/7in9ksh0wa5aggc719qvpbcyac9cj8q9-graphics-driver.conf.drv'...
building '/nix/store/pygbay6m3h5cgr10fsqswll7bbzpk0n7-tmpfiles.d.drv'...
building '/nix/store/x9x5s79nrz4vmddn3wpwhpbvq993z4wx-X-Restart-Triggers-systemd-tmpfiles-resetup.drv'...
building '/nix/store/6g1rmv5x7s6fqjqpwcny2zv165lsj42y-unit-systemd-tmpfiles-resetup.service.drv'...
building '/nix/store/qcja7sjkgl9yhy7b0da6yrcnbskh9fy8-steam-unwrapped-1.0.0.83.drv'...
building '/nix/store/f4ck75f9ki7gwq3dgb1766vp5wqikycm-steam-fhsenv-rootfs.drv'...
building '/nix/store/bdia7k8dmlvlmnl5v4w1gqk885mach8d-steam-run-fhsenv-rootfs.drv'...
building '/nix/store/9jfybik6wrlf6x8qjvy2qxm6g5gig2gd-steam-bwrap.drv'...
building '/nix/store/fzqmy1mfw8593zmfr3da80cv99sf3psm-steam-run-bwrap.drv'...
building '/nix/store/j3nav8f9a6vgi2w3pbb86ln6g44h0y5k-steam.drv'...
building '/nix/store/2vk9a4qc60j0l2wmsg5xjsb75gvgm1kx-steam-run.drv'...
building '/nix/store/x7i633a74p4af82r44y805047gz0zgzs-system-path.drv'...
building '/nix/store/vbs528zkcp6dd2iq0zycssj2hdn98ppz-dbus-1.drv'...
building '/nix/store/s5j0v4ic89b45zr9013gdb8s0vg9pfxp-X-Restart-Triggers-dbus.drv'...
building '/nix/store/a2f5c5h72lvdsabnacr5m9bhaak1fw1l-unit-dbus.service.drv'...
building '/nix/store/min1fdzf38xn564i64in89ysvyvmmbyj-unit-dbus.service.drv'...
building '/nix/store/7iydpjgvprs1gzrjax1lpmwf8d8blbmy-user-units.drv'...
building '/nix/store/nr87m2j5p9zmy4nzx954i2j3qsyv9zma-system-units.drv'...
building '/nix/store/nbghbl9jlx2cs0v4873v9haq2fvckfbj-etc.drv'...
building '/nix/store/60ajxlvqb9wvbdyrhb4ms5mxycv6ga9a-nixos-system-windowsputer-25.11.20250719.c87b95e.drv'...
activating the configuration...
setting up /run/booted-system...
setting up /bin...
setting up /sbin...
setting up /etc...
setting up /sbin/init shim...
reloading user units for tuxy...
restarting sysinit-reactivation.target
reloading the following units: dbus.service
the following new units were started: sysinit-reactivation.target, systemd-tmpfiles-resetup.service
Done. The new configuration is /nix/store/xafcqilrqi29gy380qplc1jgx0sj32rw-nixos-system-windowsputer-25.11.20250719.c87b95e
>>>>>>> Stashed changes
